<?xml version="1.0" encoding="UTF-8"?>
<!-- Generated by org.testng.reporters.JUnitReportReporter -->
<testsuite hostname="Laptom" failures="0" tests="12" name="com.TN.TestCases.LoginTest" time="62.469" errors="0" timestamp="2024-05-18T18:24:58 EDT" skipped="0">
  <testcase classname="com.TN.TestCases.LoginTest" name="verifyLoginWithValidCredentials" time="6.234"/>
  <testcase classname="com.TN.TestCases.LoginTest" name="verifyLoginWithValidCredentials" time="5.124"/>
  <testcase classname="com.TN.TestCases.LoginTest" name="verifyLoginWithValidCredentials" time="5.118"/>
  <testcase classname="com.TN.TestCases.LoginTest" name="verifyLoginWithValidCredentials" time="5.249"/>
  <testcase classname="com.TN.TestCases.LoginTest" name="verifyLoginWithValidCredentials" time="5.027"/>
  <testcase classname="com.TN.TestCases.LoginTest" name="verifyLoginWithValidCredentials" time="5.091"/>
  <testcase classname="com.TN.TestCases.LoginTest" name="verifyLoginWithValidCredentials" time="5.735"/>
  <testcase classname="com.TN.TestCases.LoginTest" name="verifyLoginWithValidCredentials" time="5.368"/>
  <testcase classname="com.TN.TestCases.LoginTest" name="verifyLoginWithValidEmailInvalidPassword" time="4.780"/>
  <testcase classname="com.TN.TestCases.LoginTest" name="verifyLoginWithInvalidEmailValidPassword" time="4.840"/>
  <testcase classname="com.TN.TestCases.LoginTest" name="verifyLoginWithInvalidCredentials" time="4.982"/>
  <testcase classname="com.TN.TestCases.LoginTest" name="verifyLoginWithNoCredentials" time="4.921"/>
</testsuite> <!-- com.TN.TestCases.LoginTest -->
