<?xml version="1.0" encoding="UTF-8"?>
<!-- Generated by org.testng.reporters.JUnitReportReporter -->
<testsuite hostname="Laptom" failures="0" tests="1" name="com.TN.TestCases.ViewCartPageTest" time="6.547" errors="0" timestamp="2024-05-18T18:24:58 EDT" skipped="0">
  <testcase classname="com.TN.TestCases.ViewCartPageTest" name="verifyProductIsAddedToTheCart" time="6.547"/>
</testsuite> <!-- com.TN.TestCases.ViewCartPageTest -->
