<?xml version="1.0" encoding="UTF-8"?>
<!-- Generated by org.testng.reporters.JUnitReportReporter -->
<testsuite hostname="Laptom" failures="0" tests="12" name="com.TN.TestCases.RegisterTest" time="73.967" errors="0" timestamp="2024-05-16T16:15:39 EDT" skipped="0">
  <testcase classname="com.TN.TestCases.RegisterTest" name="verifyRegisterWithMandatoryDetails" time="6.580"/>
  <testcase classname="com.TN.TestCases.RegisterTest" name="verifyRegisterWithMandatoryDetails" time="6.459"/>
  <testcase classname="com.TN.TestCases.RegisterTest" name="verifyRegisterWithMandatoryDetails" time="5.735"/>
  <testcase classname="com.TN.TestCases.RegisterTest" name="verifyRegisterWithMandatoryDetails" time="5.721"/>
  <testcase classname="com.TN.TestCases.RegisterTest" name="verifyRegisterWithMandatoryDetails" time="6.486"/>
  <testcase classname="com.TN.TestCases.RegisterTest" name="verifyRegisterWithMandatoryDetails" time="6.322"/>
  <testcase classname="com.TN.TestCases.RegisterTest" name="verifyRegisterWithMandatoryDetails" time="6.503"/>
  <testcase classname="com.TN.TestCases.RegisterTest" name="verifyRegisterWithMandatoryDetails" time="7.258"/>
  <testcase classname="com.TN.TestCases.RegisterTest" name="verifyRegisterWithAllDetails" time="5.996"/>
  <testcase classname="com.TN.TestCases.RegisterTest" name="verifyRegisterWithExistingEmail" time="5.705"/>
  <testcase classname="com.TN.TestCases.RegisterTest" name="verifyRegisterWithWrongConfirmPassword" time="6.296"/>
  <testcase classname="com.TN.TestCases.RegisterTest" name="verifyRegisterWithNoDetails" time="4.906"/>
</testsuite> <!-- com.TN.TestCases.RegisterTest -->
