<?xml version="1.0" encoding="UTF-8"?>
<!-- Generated by org.testng.reporters.JUnitReportReporter -->
<testsuite hostname="Laptom" failures="0" tests="5" name="com.TN.TestCases.runner_Page" time="0.002" errors="0" timestamp="2024-05-14T23:23:38 EDT" skipped="0">
  <testcase classname="com.TN.TestCases.runner_Page" name="registerTest" time="0.001"/>
  <testcase classname="com.TN.TestCases.runner_Page" name="LoginTest" time="0.001"/>
  <testcase classname="com.TN.TestCases.runner_Page" name="SearchProductTest" time="0.000"/>
  <testcase classname="com.TN.TestCases.runner_Page" name="ViewCartPageTest" time="0.000"/>
  <testcase classname="com.TN.TestCases.runner_Page" name="checkOutPageTest" time="0.000"/>
</testsuite> <!-- com.TN.TestCases.runner_Page -->
