<?xml version="1.0" encoding="UTF-8"?>
<!-- Generated by org.testng.reporters.JUnitReportReporter -->
<testsuite hostname="Laptom" failures="0" tests="12" name="com.TN.TestCases.LoginTest" time="61.628" errors="0" timestamp="2024-05-16T16:15:39 EDT" skipped="0">
  <testcase classname="com.TN.TestCases.LoginTest" name="verifyLoginWithValidCredentials" time="5.240"/>
  <testcase classname="com.TN.TestCases.LoginTest" name="verifyLoginWithValidCredentials" time="5.265"/>
  <testcase classname="com.TN.TestCases.LoginTest" name="verifyLoginWithValidCredentials" time="5.468"/>
  <testcase classname="com.TN.TestCases.LoginTest" name="verifyLoginWithValidCredentials" time="5.462"/>
  <testcase classname="com.TN.TestCases.LoginTest" name="verifyLoginWithValidCredentials" time="5.069"/>
  <testcase classname="com.TN.TestCases.LoginTest" name="verifyLoginWithValidCredentials" time="5.069"/>
  <testcase classname="com.TN.TestCases.LoginTest" name="verifyLoginWithValidCredentials" time="5.133"/>
  <testcase classname="com.TN.TestCases.LoginTest" name="verifyLoginWithValidCredentials" time="4.979"/>
  <testcase classname="com.TN.TestCases.LoginTest" name="verifyLoginWithValidEmailInvalidPassword" time="4.778"/>
  <testcase classname="com.TN.TestCases.LoginTest" name="verifyLoginWithInvalidEmailValidPassword" time="4.911"/>
  <testcase classname="com.TN.TestCases.LoginTest" name="verifyLoginWithInvalidCredentials" time="5.402"/>
  <testcase classname="com.TN.TestCases.LoginTest" name="verifyLoginWithNoCredentials" time="4.852"/>
</testsuite> <!-- com.TN.TestCases.LoginTest -->
