<?xml version="1.0" encoding="UTF-8"?>
<!-- Generated by org.testng.reporters.JUnitReportReporter -->
<testsuite hostname="Laptom" failures="0" tests="1" name="com.TN.TestCases.checkOutPageTest" time="13.084" errors="0" timestamp="2024-05-18T18:24:58 EDT" skipped="0">
  <testcase classname="com.TN.TestCases.checkOutPageTest" name="verifyCorrectProductBeignPurchased" time="13.084"/>
</testsuite> <!-- com.TN.TestCases.checkOutPageTest -->
