<?xml version="1.0" encoding="UTF-8"?>
<!-- Generated by org.testng.reporters.JUnitReportReporter -->
<testsuite hostname="Laptom" failures="0" tests="1" name="com.TN.TestCases.ViewCartPageTest" time="6.454" errors="0" timestamp="2024-05-16T16:15:39 EDT" skipped="0">
  <testcase classname="com.TN.TestCases.ViewCartPageTest" name="verifyProductIsAddedToTheCart" time="6.454"/>
</testsuite> <!-- com.TN.TestCases.ViewCartPageTest -->
