<?xml version="1.0" encoding="UTF-8"?>
<!-- Generated by org.testng.reporters.JUnitReportReporter -->
<testsuite hostname="Laptom" failures="0" tests="12" name="com.TN.TestCases.RegisterTest" time="69.574" errors="0" timestamp="2024-05-18T18:24:58 EDT" skipped="0">
  <testcase classname="com.TN.TestCases.RegisterTest" name="verifyRegisterWithMandatoryDetails" time="6.303"/>
  <testcase classname="com.TN.TestCases.RegisterTest" name="verifyRegisterWithMandatoryDetails" time="5.795"/>
  <testcase classname="com.TN.TestCases.RegisterTest" name="verifyRegisterWithMandatoryDetails" time="5.841"/>
  <testcase classname="com.TN.TestCases.RegisterTest" name="verifyRegisterWithMandatoryDetails" time="5.834"/>
  <testcase classname="com.TN.TestCases.RegisterTest" name="verifyRegisterWithMandatoryDetails" time="5.843"/>
  <testcase classname="com.TN.TestCases.RegisterTest" name="verifyRegisterWithMandatoryDetails" time="5.882"/>
  <testcase classname="com.TN.TestCases.RegisterTest" name="verifyRegisterWithMandatoryDetails" time="5.714"/>
  <testcase classname="com.TN.TestCases.RegisterTest" name="verifyRegisterWithMandatoryDetails" time="5.947"/>
  <testcase classname="com.TN.TestCases.RegisterTest" name="verifyRegisterWithAllDetails" time="5.821"/>
  <testcase classname="com.TN.TestCases.RegisterTest" name="verifyRegisterWithExistingEmail" time="6.038"/>
  <testcase classname="com.TN.TestCases.RegisterTest" name="verifyRegisterWithWrongConfirmPassword" time="5.571"/>
  <testcase classname="com.TN.TestCases.RegisterTest" name="verifyRegisterWithNoDetails" time="4.985"/>
</testsuite> <!-- com.TN.TestCases.RegisterTest -->
