<?xml version="1.0" encoding="UTF-8"?>
<!-- Generated by org.testng.reporters.JUnitReportReporter -->
<testsuite hostname="Laptom" failures="0" tests="3" name="com.TN.TestCases.SearchProductTest" time="13.022" errors="0" timestamp="2024-05-18T18:24:58 EDT" skipped="0">
  <testcase classname="com.TN.TestCases.SearchProductTest" name="verifySearchValidProduct" time="4.542"/>
  <testcase classname="com.TN.TestCases.SearchProductTest" name="verifySearchInvalidProduct" time="4.328"/>
  <testcase classname="com.TN.TestCases.SearchProductTest" name="verifySearchNoProduct" time="4.152"/>
</testsuite> <!-- com.TN.TestCases.SearchProductTest -->
