<?xml version="1.0" encoding="UTF-8"?>
<!-- Generated by org.testng.reporters.JUnitReportReporter -->
<testsuite hostname="Laptom" failures="0" tests="3" name="com.TN.TestCases.SearchProductTest" time="12.318" errors="0" timestamp="2024-05-16T16:15:39 EDT" skipped="0">
  <testcase classname="com.TN.TestCases.SearchProductTest" name="verifySearchValidProduct" time="4.402"/>
  <testcase classname="com.TN.TestCases.SearchProductTest" name="verifySearchInvalidProduct" time="4.121"/>
  <testcase classname="com.TN.TestCases.SearchProductTest" name="verifySearchNoProduct" time="3.795"/>
</testsuite> <!-- com.TN.TestCases.SearchProductTest -->
