<?xml version="1.0" encoding="UTF-8"?>
<!-- Generated by org.testng.reporters.JUnitReportReporter -->
<testsuite hostname="Laptom" failures="0" tests="12" name="com.TN.TestCases.LoginTest" time="61.291" errors="0" timestamp="2024-05-16T16:27:08 EDT" skipped="0">
  <testcase classname="com.TN.TestCases.LoginTest" name="verifyLoginWithValidCredentials" time="5.469"/>
  <testcase classname="com.TN.TestCases.LoginTest" name="verifyLoginWithValidCredentials" time="5.284"/>
  <testcase classname="com.TN.TestCases.LoginTest" name="verifyLoginWithValidCredentials" time="5.070"/>
  <testcase classname="com.TN.TestCases.LoginTest" name="verifyLoginWithValidCredentials" time="5.118"/>
  <testcase classname="com.TN.TestCases.LoginTest" name="verifyLoginWithValidCredentials" time="5.274"/>
  <testcase classname="com.TN.TestCases.LoginTest" name="verifyLoginWithValidCredentials" time="5.054"/>
  <testcase classname="com.TN.TestCases.LoginTest" name="verifyLoginWithValidCredentials" time="5.398"/>
  <testcase classname="com.TN.TestCases.LoginTest" name="verifyLoginWithValidCredentials" time="5.111"/>
  <testcase classname="com.TN.TestCases.LoginTest" name="verifyLoginWithValidEmailInvalidPassword" time="4.951"/>
  <testcase classname="com.TN.TestCases.LoginTest" name="verifyLoginWithInvalidEmailValidPassword" time="4.853"/>
  <testcase classname="com.TN.TestCases.LoginTest" name="verifyLoginWithInvalidCredentials" time="4.858"/>
  <testcase classname="com.TN.TestCases.LoginTest" name="verifyLoginWithNoCredentials" time="4.851"/>
</testsuite> <!-- com.TN.TestCases.LoginTest -->
