<?xml version="1.0" encoding="UTF-8"?>
<!-- Generated by org.testng.reporters.JUnitReportReporter -->
<testsuite hostname="Laptom" failures="0" tests="3" name="com.TN.TestCases.SearchProductTest" time="12.643" errors="0" timestamp="2024-05-16T16:27:08 EDT" skipped="0">
  <testcase classname="com.TN.TestCases.SearchProductTest" name="verifySearchValidProduct" time="4.344"/>
  <testcase classname="com.TN.TestCases.SearchProductTest" name="verifySearchInvalidProduct" time="4.127"/>
  <testcase classname="com.TN.TestCases.SearchProductTest" name="verifySearchNoProduct" time="4.172"/>
</testsuite> <!-- com.TN.TestCases.SearchProductTest -->
